[35m[Appium][39m Welcome to Appium v1.17.1
[35m[Appium][39m Non-default server args:
[35m[Appium][39m   port: 62864
[35m[Appium][39m   loglevel: info
[35m[Appium][39m   tmpDir: C:\Users\lieto\AppData\Local\Temp\\Katalon\Appium\Temp1593113011566
[35m[Appium][39m   chromedriverPort: 62865
[35m[Appium][39m Deprecated server args:
[35m[Appium][39m   [31m--chromedriver-port[39m => --default-capabilities '{"chromedriverPort":62865}'
[35m[Appium][39m Default capabilities, which will be added to each request unless overridden by desired capabilities:
[35m[Appium][39m   chromedriverPort: 62865
[35m[Appium][39m Appium REST http interface listener started on 0.0.0.0:62864
[35m[HTTP][39m [37m-->[39m [37mGET[39m [37m/wd/hub/status[39m
[35m[HTTP][39m [90m{}[39m
[35m[HTTP][39m [37m<-- GET /wd/hub/status [39m[32m200[39m [90m9 ms - 68[39m
[35m[HTTP][39m [90m[39m
[35m[HTTP][39m [37m-->[39m [37mGET[39m [37m/wd/hub/status[39m
[35m[HTTP][39m [90m{}[39m
[35m[HTTP][39m [37m<-- GET /wd/hub/status [39m[32m200[39m [90m1 ms - 68[39m
[35m[HTTP][39m [90m[39m
[35m[HTTP][39m [37m-->[39m [37mPOST[39m [37m/wd/hub/session[39m
[35m[HTTP][39m [90m{"desiredCapabilities":{"app":"C:\\Users\\lieto\\git\\ACC-ACCOne\\acc.one (dev).apk","noReset":true,"deviceId":"","deviceName":"samsung SM-A750GN (Android 10)","fullReset":false,"platform":"ANDROID","newCommandTimeout":1800,"platformVersion":"10","automationName":"uiautomator2","autoGrantPermissions":true,"platformName":"Android","udid":"32008eeec002a5eb","systemPort":62879},"capabilities":{"firstMatch":[{"appium:app":"C:\\Users\\lieto\\git\\ACC-ACCOne\\acc.one (dev).apk","appium:autoGrantPermissions":true,"appium:automationName":"uiautomator2","deviceId":"","appium:deviceName":"samsung SM-A750GN (Android 10)","appium:fullReset":false,"appium:newCommandTimeout":1800,"appium:noReset":true,"platform":"ANDROID","platformName":"android","appium:platformVersion":"10","appium:systemPort":62879,"appium:udid":"32008eeec002a5eb"}]}}[39m
[35m[BaseDriver][39m The following capabilities are not standard capabilities and should have an extension prefix:
[35m[BaseDriver][39m   deviceId
[35m[BaseDriver][39m   platform
[35m[BaseDriver][39m   chromedriverPort
[35m[Appium][39m Appium v1.17.1 creating new AndroidUiautomator2Driver (v1.44.2) session
[35m[BaseDriver][39m The following capabilities were provided, but are not recognized by Appium:
[35m[BaseDriver][39m   deviceId
[35m[BaseDriver][39m   platform
[35m[BaseDriver][39m Session created with session id: 5d85d762-a375-4388-a39d-de5fb041c869
[35m[BaseDriver][39m Using local app 'C:\Users\lieto\git\ACC-ACCOne\acc.one (dev).apk'
[35m[ADB][39m Found 1 'build-tools' folders under 'C:\Users\lieto\.katalon\tools\android_sdk' (newest first):
[35m[ADB][39m     C:/Users/lieto/.katalon/tools/android_sdk/build-tools/29.0.2
[35m[ADB][39m Using 'adb.exe' from 'C:\Users\lieto\.katalon\tools\android_sdk\platform-tools\adb.exe'
[35m[AndroidDriver][39m Retrieving device list
[35m[AndroidDriver][39m Using device: 32008eeec002a5eb
[35m[ADB][39m Using 'adb.exe' from 'C:\Users\lieto\.katalon\tools\android_sdk\platform-tools\adb.exe'
[35m[ADB][39m Getting device platform version
[35m[UiAutomator2][39m Relaxing hidden api policy
[35m[ADB][39m Package name: 'com.outsystemsenterprise.accdev1.AccWorld'
[35m[ADB][39m Main activity name: 'com.outsystemsenterprise.accdev1.AccWorld.MainActivity'
[35m[ADB][39m Using 'apksigner.jar' from 'C:\Users\lieto\.katalon\tools\android_sdk\build-tools\29.0.2\lib\apksigner.jar'
[35m[UiAutomator2][39m Server packages are not going to be (re)installed
[35m[UiAutomator2][39m Starting UIAutomator2 server 4.5.5
[35m[UiAutomator2][39m Using UIAutomator2 server from 'C:\Users\lieto\AppData\Roaming\npm\node_modules\appium\node_modules\appium-uiautomator2-server\apks\appium-uiautomator2-server-v4.5.5.apk' and test from 'C:\Users\lieto\AppData\Roaming\npm\node_modules\appium\node_modules\appium-uiautomator2-server\apks\appium-uiautomator2-server-debug-androidTest.apk'
[35m[UiAutomator2][39m Waiting up to 30000ms for UiAutomator2 to be online...
[35m[WD Proxy][39m Got response with unknown status: {"code":"ECONNRESET"}
[35m[WD Proxy][39m Got response with unknown status: {"code":"ECONNRESET"}
[35m[WD Proxy][39m Got response with unknown status: {"code":"ECONNRESET"}
[35m[WD Proxy][39m Got response with unknown status: {"code":"ECONNRESET"}
[35m[WD Proxy][39m Determined the downstream protocol as 'W3C'
[35m[AndroidDriver][39m Screen already unlocked, doing nothing
[35m[UiAutomator2][39m Starting 'com.outsystemsenterprise.accdev1.AccWorld/com.outsystemsenterprise.accdev1.AccWorld.MainActivity and waiting for 'com.outsystemsenterprise.accdev1.AccWorld/com.outsystemsenterprise.accdev1.AccWorld.MainActivity'
[35m[Appium][39m New AndroidUiautomator2Driver session created successfully, session 5d85d762-a375-4388-a39d-de5fb041c869 added to master session list
[35m[HTTP][39m [37m<-- POST /wd/hub/session [39m[32m200[39m [90m22071 ms - 1331[39m
[35m[HTTP][39m [90m[39m
[35m[HTTP][39m [37m-->[39m [37mGET[39m [37m/wd/hub/session/5d85d762-a375-4388-a39d-de5fb041c869[39m
[35m[HTTP][39m [90m{}[39m
[35m[HTTP][39m [37m<-- GET /wd/hub/session/5d85d762-a375-4388-a39d-de5fb041c869 [39m[32m200[39m [90m14 ms - 1263[39m
[35m[HTTP][39m [90m[39m
[35m[HTTP][39m [37m-->[39m [37mGET[39m [37m/wd/hub/session/5d85d762-a375-4388-a39d-de5fb041c869[39m
[35m[HTTP][39m [90m{}[39m
[35m[HTTP][39m [37m<-- GET /wd/hub/session/5d85d762-a375-4388-a39d-de5fb041c869 [39m[32m200[39m [90m19 ms - 1263[39m
[35m[HTTP][39m [90m[39m
[35m[HTTP][39m [37m-->[39m [37mGET[39m [37m/wd/hub/status[39m
[35m[HTTP][39m [90m{}[39m
[35m[HTTP][39m [37m<-- GET /wd/hub/status [39m[32m200[39m [90m1 ms - 68[39m
[35m[HTTP][39m [90m[39m
[35m[HTTP][39m [37m-->[39m [37mPOST[39m [37m/wd/hub/session/5d85d762-a375-4388-a39d-de5fb041c869/timeouts[39m
[35m[HTTP][39m [90m{"implicit":60000}[39m
[35m[HTTP][39m [37m<-- POST /wd/hub/session/5d85d762-a375-4388-a39d-de5fb041c869/timeouts [39m[32m200[39m [90m7 ms - 14[39m
[35m[HTTP][39m [90m[39m
[35m[HTTP][39m [37m-->[39m [37mGET[39m [37m/wd/hub/session/5d85d762-a375-4388-a39d-de5fb041c869/source[39m
[35m[HTTP][39m [90m{}[39m
[35m[W3C (5d85d762)][39m Driver proxy active, passing request on via HTTP proxy
[35m[WD Proxy][39m Replacing sessionId 1ac04930-736e-40e5-b272-7e2f437cf8c1 with 5d85d762-a375-4388-a39d-de5fb041c869
[35m[HTTP][39m [37m<-- GET /wd/hub/session/5d85d762-a375-4388-a39d-de5fb041c869/source [39m[32m200[39m [90m150 ms - 1953[39m
[35m[HTTP][39m [90m[39m
[35m[HTTP][39m [37m-->[39m [37mGET[39m [37m/wd/hub/session/5d85d762-a375-4388-a39d-de5fb041c869/screenshot[39m
[35m[HTTP][39m [90m{}[39m
[35m[HTTP][39m [37m<-- GET /wd/hub/session/5d85d762-a375-4388-a39d-de5fb041c869/screenshot [39m[32m200[39m [90m757 ms - 184142[39m
[35m[HTTP][39m [90m[39m
[35m[HTTP][39m [37m-->[39m [37mGET[39m [37m/wd/hub/session/5d85d762-a375-4388-a39d-de5fb041c869/source[39m
[35m[HTTP][39m [90m{}[39m
[35m[W3C (5d85d762)][39m Driver proxy active, passing request on via HTTP proxy
[35m[WD Proxy][39m Replacing sessionId 1ac04930-736e-40e5-b272-7e2f437cf8c1 with 5d85d762-a375-4388-a39d-de5fb041c869
[35m[HTTP][39m [37m<-- GET /wd/hub/session/5d85d762-a375-4388-a39d-de5fb041c869/source [39m[32m200[39m [90m115 ms - 1945[39m
[35m[HTTP][39m [90m[39m
[35m[HTTP][39m [37m-->[39m [37mGET[39m [37m/wd/hub/session/5d85d762-a375-4388-a39d-de5fb041c869/screenshot[39m
[35m[HTTP][39m [90m{}[39m
[35m[HTTP][39m [37m<-- GET /wd/hub/session/5d85d762-a375-4388-a39d-de5fb041c869/screenshot [39m[32m200[39m [90m1178 ms - 1048424[39m
[35m[HTTP][39m [90m[39m
[35m[HTTP][39m [37m-->[39m [37mGET[39m [37m/wd/hub/session/5d85d762-a375-4388-a39d-de5fb041c869/source[39m
[35m[HTTP][39m [90m{}[39m
[35m[W3C (5d85d762)][39m Driver proxy active, passing request on via HTTP proxy
[35m[WD Proxy][39m Replacing sessionId 1ac04930-736e-40e5-b272-7e2f437cf8c1 with 5d85d762-a375-4388-a39d-de5fb041c869
[35m[HTTP][39m [37m<-- GET /wd/hub/session/5d85d762-a375-4388-a39d-de5fb041c869/source [39m[32m200[39m [90m951 ms - 24059[39m
[35m[HTTP][39m [90m[39m
[35m[HTTP][39m [37m-->[39m [37mGET[39m [37m/wd/hub/session/5d85d762-a375-4388-a39d-de5fb041c869/screenshot[39m
[35m[HTTP][39m [90m{}[39m
[35m[HTTP][39m [37m<-- GET /wd/hub/session/5d85d762-a375-4388-a39d-de5fb041c869/screenshot [39m[32m200[39m [90m754 ms - 167150[39m
[35m[HTTP][39m [90m[39m
[35m[HTTP][39m [37m-->[39m [37mGET[39m [37m/wd/hub/session/5d85d762-a375-4388-a39d-de5fb041c869/source[39m
[35m[HTTP][39m [90m{}[39m
[35m[W3C (5d85d762)][39m Driver proxy active, passing request on via HTTP proxy
[35m[WD Proxy][39m Replacing sessionId 1ac04930-736e-40e5-b272-7e2f437cf8c1 with 5d85d762-a375-4388-a39d-de5fb041c869
[35m[HTTP][39m [37m<-- GET /wd/hub/session/5d85d762-a375-4388-a39d-de5fb041c869/source [39m[32m200[39m [90m2081 ms - 42635[39m
[35m[HTTP][39m [90m[39m
[35m[HTTP][39m [37m-->[39m [37mGET[39m [37m/wd/hub/session/5d85d762-a375-4388-a39d-de5fb041c869/screenshot[39m
[35m[HTTP][39m [90m{}[39m
[35m[HTTP][39m [37m<-- GET /wd/hub/session/5d85d762-a375-4388-a39d-de5fb041c869/screenshot [39m[32m200[39m [90m1230 ms - 1053000[39m
[35m[HTTP][39m [90m[39m
[35m[HTTP][39m [37m-->[39m [37mDELETE[39m [37m/wd/hub/session/5d85d762-a375-4388-a39d-de5fb041c869[39m
[35m[HTTP][39m [90m{}[39m
[35m[Appium][39m Removing session 5d85d762-a375-4388-a39d-de5fb041c869 from our master session list
[35m[HTTP][39m [37m-->[39m [37mDELETE[39m [37m/wd/hub/session/5d85d762-a375-4388-a39d-de5fb041c869[39m
[35m[HTTP][39m [90m{}[39m
[35m[HTTP][39m [37m<-- DELETE /wd/hub/session/5d85d762-a375-4388-a39d-de5fb041c869 [39m[33m404[39m [90m142 ms - 3069[39m
[35m[HTTP][39m [90m[39m
[35m[UiAutomator2][39m Restoring hidden api policy to the device default configuration
[35m[HTTP][39m [37m<-- DELETE /wd/hub/session/5d85d762-a375-4388-a39d-de5fb041c869 [39m[32m200[39m [90m1810 ms - 14[39m
[35m[HTTP][39m [90m[39m
